<?xml version="1.0" encoding="UTF-8"?>
<!-- Generated by org.testng.reporters.JUnitReportReporter -->
<testsuite name="com.nationalguard.resources.Resources" tests="1" time="9.745" ignored="0" failures="0" timestamp="03 Jan 2020 02:22:34 GMT" skipped="0" hostname="LAPTOP-S94DGO4O" errors="0">
  <testcase name="resources" time="9.745" classname="com.nationalguard.resources.Resources"/>
</testsuite> <!-- com.nationalguard.resources.Resources -->
