<?xml version="1.0" encoding="UTF-8"?>
<!-- Generated by org.testng.reporters.JUnitReportReporter -->
<testsuite name="com.nationalguard.MavenDataDrivenNationalGuard.NationalGuardGetStarted" tests="1" time="81.244" ignored="0" failures="0" timestamp="12 Nov 2019 06:50:17 GMT" skipped="0" hostname="ajay-PC" errors="0">
  <testcase name="getStartedForm" time="81.244" classname="com.nationalguard.MavenDataDrivenNationalGuard.NationalGuardGetStarted"/>
</testsuite> <!-- com.nationalguard.MavenDataDrivenNationalGuard.NationalGuardGetStarted -->
