<?xml version="1.0" encoding="UTF-8"?>
<!-- Generated by org.testng.reporters.JUnitReportReporter -->
<testsuite name="com.nationalguard.guardpay.GuardPayTest" tests="2" time="19.958" ignored="0" failures="0" timestamp="22 Dec 2019 03:09:21 GMT" skipped="0" hostname="LAPTOP-S94DGO4O" errors="0">
  <testcase name="guardpayEnlisted" time="9.949" classname="com.nationalguard.guardpay.GuardPayTest"/>
  <testcase name="guardpayOfficer" time="10.009" classname="com.nationalguard.guardpay.GuardPayTest"/>
</testsuite> <!-- com.nationalguard.guardpay.GuardPayTest -->
