<?xml version="1.0" encoding="UTF-8"?>
<!-- Generated by org.testng.reporters.JUnitReportReporter -->
<testsuite name="com.nationalguard.fitness.FitnessCal" tests="2" time="16.377" ignored="0" failures="0" timestamp="27 Dec 2019 03:18:28 GMT" skipped="0" hostname="LAPTOP-S94DGO4O" errors="0">
  <testcase name="fitnessCalculatorMale" time="8.276" classname="com.nationalguard.fitness.FitnessCal"/>
  <testcase name="fitnessCalculatorFemale" time="8.101" classname="com.nationalguard.fitness.FitnessCal"/>
</testsuite> <!-- com.nationalguard.fitness.FitnessCal -->
