<?xml version="1.0" encoding="UTF-8"?>
<!-- Generated by org.testng.reporters.JUnitReportReporter -->
<testsuite name="com.nationalguard.benefits.Benefits" tests="1" time="18.567" ignored="0" failures="0" timestamp="06 Jan 2020 19:51:51 GMT" skipped="0" hostname="LAPTOP-S94DGO4O" errors="0">
  <testcase name="benefits" time="18.567" classname="com.nationalguard.benefits.Benefits"/>
</testsuite> <!-- com.nationalguard.benefits.Benefits -->
