<?xml version="1.0" encoding="UTF-8"?>
<!-- Generated by org.testng.reporters.JUnitReportReporter -->
<testsuite name="com.nationalguard.MavenDataDrivenNationalGuard.GuardPayTest" tests="2" time="45.384" ignored="0" failures="0" timestamp="11 Nov 2019 05:45:21 GMT" skipped="0" hostname="ajay-PC" errors="0">
  <testcase name="guardpayOfficer" time="20.966" classname="com.nationalguard.MavenDataDrivenNationalGuard.GuardPayTest"/>
  <testcase name="guardpayEnlisted" time="24.418" classname="com.nationalguard.MavenDataDrivenNationalGuard.GuardPayTest"/>
</testsuite> <!-- com.nationalguard.MavenDataDrivenNationalGuard.GuardPayTest -->
