<?xml version="1.0" encoding="UTF-8"?>
<!-- Generated by org.testng.reporters.JUnitReportReporter -->
<testsuite name="com.nationalguard.weightcal.WeightCalculatorTest" tests="2" time="25.546" ignored="0" failures="0" timestamp="22 Dec 2019 03:09:21 GMT" skipped="0" hostname="LAPTOP-S94DGO4O" errors="0">
  <testcase name="weightCalculatorMale" time="12.660" classname="com.nationalguard.weightcal.WeightCalculatorTest"/>
  <testcase name="weightCalculatorFemale" time="12.886" classname="com.nationalguard.weightcal.WeightCalculatorTest"/>
</testsuite> <!-- com.nationalguard.weightcal.WeightCalculatorTest -->
