<?xml version="1.0" encoding="UTF-8"?>
<!-- Generated by org.testng.reporters.JUnitReportReporter -->
<testsuite name="com.nationalguard.careers.Careers" tests="1" time="10.140" ignored="0" failures="0" timestamp="06 Jan 2020 19:53:59 GMT" skipped="0" hostname="LAPTOP-S94DGO4O" errors="0">
  <testcase name="careers" time="10.140" classname="com.nationalguard.careers.Careers"/>
</testsuite> <!-- com.nationalguard.careers.Careers -->
