<?xml version="1.0" encoding="UTF-8"?>
<!-- Generated by org.testng.reporters.JUnitReportReporter -->
<testsuite name="com.nationalguard.eligibility.Eligibility" tests="1" time="9.200" ignored="0" failures="0" timestamp="06 Jan 2020 21:53:19 GMT" skipped="0" hostname="LAPTOP-S94DGO4O" errors="0">
  <testcase name="eligibility" time="9.200" classname="com.nationalguard.eligibility.Eligibility"/>
</testsuite> <!-- com.nationalguard.eligibility.Eligibility -->
