<?xml version="1.0" encoding="UTF-8"?>
<!-- Generated by org.testng.reporters.JUnitReportReporter -->
<testsuite name="com.nationalguard.getstarted.NationalGuardGetStarted" tests="1" time="35.561" ignored="0" failures="0" timestamp="02 Jan 2020 19:43:46 GMT" skipped="0" hostname="LAPTOP-S94DGO4O" errors="0">
  <testcase name="getStartedForm" time="35.561" classname="com.nationalguard.getstarted.NationalGuardGetStarted"/>
</testsuite> <!-- com.nationalguard.getstarted.NationalGuardGetStarted -->
