<?xml version="1.0" encoding="UTF-8"?>
<!-- Generated by org.testng.reporters.JUnitReportReporter -->
<testsuite name="com.nationalguard.pasvab.Pasvab" tests="1" time="9.219" ignored="0" failures="0" timestamp="27 Dec 2019 02:35:32 GMT" skipped="0" hostname="LAPTOP-S94DGO4O" errors="0">
  <testcase name="pasvab" time="9.219" classname="com.nationalguard.pasvab.Pasvab"/>
</testsuite> <!-- com.nationalguard.pasvab.Pasvab -->
